<?xml version="1.0" encoding="UTF-8"?>
<testsuite xmlns:xsi="http://www.w3.org/2001/XMLSchema-instance" xsi:noNamespaceSchemaLocation="https://maven.apache.org/surefire/maven-surefire-plugin/xsd/surefire-test-report.xsd" name="nz.co.Projects.TestRunner" time="0.578" tests="3" errors="0" skipped="2" failures="0">
  <properties>
[...]
</properties>
  <testcase name="Given I enter the url in the address bar of the browser" classname="Scenario: Trademe home page opens successfully" time="0">
    <skipped/>
    <system-out><![CDATA[Feature: Home Page
]]></system-out>
  </testcase>
  <testcase name="Scenario: Trademe home page opens successfully" classname="Scenario: Trademe home page opens successfully" time="0">
    <skipped/>
  </testcase>
  <testcase name="Scenario: Trademe home page opens successfully" classname="Scenario: Trademe home page opens successfully" time="0.007"/>
</testsuite>